#
# A fatal error has been detected by the Java Runtime Environment:
#
#  EXCEPTION_ACCESS_VIOLATION (0xc0000005) at pc=0x000000006cd91b44, pid=7068, tid=0x0000000000001d80
#
# JRE version: Java(TM) SE Runtime Environment (8.0_144-b01) (build 1.8.0_144-b01)
# Java VM: Java HotSpot(TM) 64-Bit Server VM (25.144-b01 mixed mode windows-amd64 compressed oops)
# Problematic frame:
# C  [sqlite-3.16.1-2f40321f-b0c6-491e-b1c3-f6a2841441c6-sqlitejdbc.dll+0x11b44]
#
# Failed to write core dump. Minidumps are not enabled by default on client versions of Windows
#
# If you would like to submit a bug report, please visit:
#   http://bugreport.java.com/bugreport/crash.jsp
# The crash happened outside the Java Virtual Machine in native code.
# See problematic frame for where to report the bug.
#

---------------  T H R E A D  ---------------

Current thread (0x000000001c56e000):  JavaThread "Timer-0" daemon [_thread_in_native, id=7552, stack(0x000000001dca0000,0x000000001dda0000)]

siginfo: ExceptionCode=0xc0000005, reading address 0xffffffffffffffff

Registers:
RAX=0x2a207463656c6573, RBX=0x0000000000000000, RCX=0x000000001d3a9d68, RDX=0x0000000000000000
RSP=0x000000001dd9f040, RBP=0x000000001dd9f158, RSI=0x000000001d3a9d68, RDI=0x0000000000000173
R8 =0x000000001d3a9d68, R9 =0x0000000000000000, R10=0x0000000005318a4b, R11=0x00000000686ebc50
R12=0x0000000000000000, R13=0x0000000019ca47e8, R14=0x000000001dd9f190, R15=0x000000001c56e000
RIP=0x000000006cd91b44, EFLAGS=0x0000000000010202

Top of Stack: (sp=0x000000001dd9f040)
0x000000001dd9f040:   000000001dd9f108 00000000686fd2ff
0x000000001dd9f050:   000000001dd9f108 000000001dd9f158
0x000000001dd9f060:   000000001dd9f158 000000001d3a9d68
0x000000001dd9f070:   0000000000000158 000000006cd9ec1e
0x000000001dd9f080:   000000001c283268 000000001c56e000
0x000000001dd9f090:   0000000000000158 00000000686ec259
0x000000001dd9f0a0:   000000001c458fc0 0000000019ca47e8
0x000000001dd9f0b0:   0000000000000158 0000000005318a77
0x000000001dd9f0c0:   00000000d6626b18 0000000005b0cf44
0x000000001dd9f0d0:   0000000000000173 000000000531881f
0x000000001dd9f0e0:   000000001c56e000 0000000019ca47e8
0x000000001dd9f0f0:   000000001dd9f160 0000000005307da0
0x000000001dd9f100:   00000000053187d9 0000000000000003
0x000000001dd9f110:   00000000d7fb1188 000000001dd9f108
0x000000001dd9f120:   0000000019ca47e8 000000001dd9f190
0x000000001dd9f130:   0000000019cd6020 0000000000000000 

Instructions: (pc=0x000000006cd91b44)
0x000000006cd91b24:   5b e9 76 ff ff ff 66 0f 1f 44 00 00 56 53 48 83
0x000000006cd91b34:   ec 28 48 85 c9 74 77 48 8b 01 48 89 ce 48 63 da
0x000000006cd91b44:   48 8b 48 18 48 85 c9 74 06 ff 15 f5 64 0b 00 48
0x000000006cd91b54:   8b 86 88 00 00 00 48 85 c0 74 31 0f b7 96 bc 00 


Register to memory mapping:

RAX=0x2a207463656c6573 is an unknown value
RBX=0x0000000000000000 is an unknown value
RCX=0x000000001d3a9d68 is an unknown value
RDX=0x0000000000000000 is an unknown value
RSP=0x000000001dd9f040 is pointing into the stack for thread: 0x000000001c56e000
RBP=0x000000001dd9f158 is pointing into the stack for thread: 0x000000001c56e000
RSI=0x000000001d3a9d68 is an unknown value
RDI=0x0000000000000173 is an unknown value
R8 =0x000000001d3a9d68 is an unknown value
R9 =0x0000000000000000 is an unknown value
R10=0x0000000005318a4b is at code_begin+1227 in an Interpreter codelet
method entry point (kind = native_synchronized)  [0x0000000005318580, 0x0000000005319060]  2784 bytes
R11=0x00000000686ebc50 is an unknown value
R12=0x0000000000000000 is an unknown value
R13={method} {0x0000000019ca47f0} 'column_int' '(JI)I' in 'org/sqlite/core/NativeDB'
R14=0x000000001dd9f190 is pointing into the stack for thread: 0x000000001c56e000
R15=0x000000001c56e000 is a thread


Stack: [0x000000001dca0000,0x000000001dda0000],  sp=0x000000001dd9f040,  free space=1020k
Native frames: (J=compiled Java code, j=interpreted, Vv=VM code, C=native code)
C  [sqlite-3.16.1-2f40321f-b0c6-491e-b1c3-f6a2841441c6-sqlitejdbc.dll+0x11b44]
C  [sqlite-3.16.1-2f40321f-b0c6-491e-b1c3-f6a2841441c6-sqlitejdbc.dll+0x1ec1e]
C  0x0000000005318a77

Java frames: (J=compiled Java code, j=interpreted, Vv=VM code)
j  org.sqlite.core.NativeDB.column_int(JI)I+0
j  org.sqlite.jdbc3.JDBC3ResultSet.getInt(I)I+16
j  org.sqlite.jdbc3.JDBC3ResultSet.getInt(Ljava/lang/String;)I+6
J 2629 C1 org.ql.audioeditor.org.ql.audioeditor.database.DatabaseDaoImpl.getSongs()Ljava/util/List; (156 bytes) @ 0x0000000005a86c04 [0x0000000005a867e0+0x424]
J 2678 C1 org.ql.audioeditor.org.ql.audioeditor.database.Cache$1.run()V (8 bytes) @ 0x00000000056336dc [0x0000000005633540+0x19c]
j  java.util.TimerThread.mainLoop()V+221
j  java.util.TimerThread.run()V+1
v  ~StubRoutines::call_stub

---------------  P R O C E S S  ---------------

Java Threads: ( => current thread )
  0x0000000024ea6000 JavaThread "Swing-Shell" daemon [_thread_blocked, id=8312, stack(0x00000000279b0000,0x0000000027ab0000)]
  0x0000000024ea9000 JavaThread "DestroyJavaVM" [_thread_blocked, id=5868, stack(0x0000000004f20000,0x0000000005020000)]
  0x0000000024eab800 JavaThread "TimerQueue" daemon [_thread_blocked, id=4052, stack(0x00000000270b0000,0x00000000271b0000)]
  0x000000001d8ec000 JavaThread "AWT-EventQueue-0" [_thread_blocked, id=14152, stack(0x0000000025da0000,0x0000000025ea0000)]
  0x000000001c38e000 JavaThread "AWT-Windows" daemon [_thread_in_native, id=8800, stack(0x00000000249d0000,0x0000000024ad0000)]
  0x000000001c38d000 JavaThread "AWT-Shutdown" [_thread_blocked, id=15556, stack(0x00000000248d0000,0x00000000249d0000)]
  0x000000001c38c800 JavaThread "Java2D Disposer" daemon [_thread_blocked, id=1872, stack(0x00000000247d0000,0x00000000248d0000)]
  0x000000001d4ae800 JavaThread "EventMgr Dispatcher" daemon [_thread_in_native, id=16240, stack(0x0000000024190000,0x0000000024290000)]
=>0x000000001c56e000 JavaThread "Timer-0" daemon [_thread_in_native, id=7552, stack(0x000000001dca0000,0x000000001dda0000)]
  0x000000001c326000 JavaThread "Service Thread" daemon [_thread_blocked, id=16064, stack(0x000000001ce60000,0x000000001cf60000)]
  0x000000001c288000 JavaThread "C1 CompilerThread3" daemon [_thread_blocked, id=6976, stack(0x000000001cd60000,0x000000001ce60000)]
  0x000000001c280800 JavaThread "C2 CompilerThread2" daemon [_thread_blocked, id=6056, stack(0x000000001cc60000,0x000000001cd60000)]
  0x000000001c27d800 JavaThread "C2 CompilerThread1" daemon [_thread_blocked, id=10252, stack(0x000000001cb60000,0x000000001cc60000)]
  0x000000001c27d000 JavaThread "C2 CompilerThread0" daemon [_thread_blocked, id=12592, stack(0x000000001ca60000,0x000000001cb60000)]
  0x000000001c27a800 JavaThread "Monitor Ctrl-Break" daemon [_thread_in_native, id=1264, stack(0x000000001c960000,0x000000001ca60000)]
  0x000000001c19a000 JavaThread "Attach Listener" daemon [_thread_blocked, id=3896, stack(0x000000001c860000,0x000000001c960000)]
  0x000000001c199000 JavaThread "Signal Dispatcher" daemon [_thread_blocked, id=10436, stack(0x000000001c760000,0x000000001c860000)]
  0x000000001c190800 JavaThread "Finalizer" daemon [_thread_blocked, id=2684, stack(0x000000001c570000,0x000000001c670000)]
  0x00000000052f9800 JavaThread "Reference Handler" daemon [_thread_blocked, id=13656, stack(0x000000001c070000,0x000000001c170000)]

Other Threads:
  0x000000001a279000 VMThread [stack: 0x000000001bf70000,0x000000001c070000] [id=16984]
  0x000000001c36f800 WatcherThread [stack: 0x000000001cf60000,0x000000001d060000] [id=3044]

VM state:not at safepoint (normal execution)

VM Mutex/Monitor currently owned by a thread: None

Heap:
 PSYoungGen      total 37888K, used 32102K [0x00000000d5f00000, 0x00000000dc100000, 0x0000000100000000)
  eden space 32768K, 86% used [0x00000000d5f00000,0x00000000d7a9aff0,0x00000000d7f00000)
  from space 5120K, 74% used [0x00000000d7f80000,0x00000000d833ea80,0x00000000d8480000)
  to   space 33792K, 0% used [0x00000000da000000,0x00000000da000000,0x00000000dc100000)
 ParOldGen       total 87552K, used 52311K [0x0000000081c00000, 0x0000000087180000, 0x00000000d5f00000)
  object space 87552K, 59% used [0x0000000081c00000,0x0000000084f15c58,0x0000000087180000)
 Metaspace       used 20300K, capacity 20714K, committed 20992K, reserved 1067008K
  class space    used 2665K, capacity 2786K, committed 2816K, reserved 1048576K

Card table byte_map: [0x00000000146c0000,0x0000000014ac0000] byte_map_base: 0x00000000142b2000

Marking Bits: (ParMarkBitMap*) 0x0000000068cdd850
 Begin Bits: [0x0000000015570000, 0x0000000017500000)
 End Bits:   [0x0000000017500000, 0x0000000019490000)

Polling page: 0x00000000032b0000

CodeCache: size=245760Kb used=9848Kb max_used=9858Kb free=235911Kb
 bounds [0x0000000005300000, 0x0000000005cd0000, 0x0000000014300000]
 total_blobs=3571 nmethods=3000 adapters=480
 compilation: enabled

Compilation events (10 events):
Event: 8379.260 Thread 0x000000001c288000 3447       3       com.jtattoo.plaf.JTattooUtilities::getRelLocation (83 bytes)
Event: 8379.262 Thread 0x000000001c288000 nmethod 3447 0x0000000005b4be10 code [0x0000000005b4c060, 0x0000000005b4d0e8]
Event: 8379.262 Thread 0x000000001c288000 3448       3       java.awt.geom.Point2D$Float::setLocation (13 bytes)
Event: 8379.262 Thread 0x000000001c288000 nmethod 3448 0x0000000005a4c3d0 code [0x0000000005a4c520, 0x0000000005a4c690]
Event: 8379.262 Thread 0x000000001c288000 3449       3       java.awt.GradientPaint::<init> (63 bytes)
Event: 8379.263 Thread 0x000000001c288000 nmethod 3449 0x0000000005930ad0 code [0x0000000005930c80, 0x00000000059312a8]
Event: 8379.684 Thread 0x000000001c280800 3450       4       sun.font.GlyphList::setGlyphIndex (261 bytes)
Event: 8379.694 Thread 0x000000001c280800 nmethod 3450 0x0000000005637690 code [0x0000000005637820, 0x0000000005637bb8]
Event: 8380.249 Thread 0x000000001c288000 3451       1       javax.swing.JScrollBar::getOrientation (5 bytes)
Event: 8380.250 Thread 0x000000001c288000 nmethod 3451 0x000000000544da90 code [0x000000000544dbe0, 0x000000000544dcf0]

GC Heap History (10 events):
Event: 8.858 GC heap before
{Heap before GC invocations=1 (full 0):
 PSYoungGen      total 38400K, used 33191K [0x00000000d5f00000, 0x00000000d8980000, 0x0000000100000000)
  eden space 33280K, 99% used [0x00000000d5f00000,0x00000000d7f69e80,0x00000000d7f80000)
  from space 5120K, 0% used [0x00000000d8480000,0x00000000d8480000,0x00000000d8980000)
  to   space 5120K, 0% used [0x00000000d7f80000,0x00000000d7f80000,0x00000000d8480000)
 ParOldGen       total 87552K, used 0K [0x0000000081c00000, 0x0000000087180000, 0x00000000d5f00000)
  object space 87552K, 0% used [0x0000000081c00000,0x0000000081c00000,0x0000000087180000)
 Metaspace       used 8996K, capacity 9194K, committed 9472K, reserved 1056768K
  class space    used 1108K, capacity 1187K, committed 1280K, reserved 1048576K
Event: 8.862 GC heap after
Heap after GC invocations=1 (full 0):
 PSYoungGen      total 38400K, used 5111K [0x00000000d5f00000, 0x00000000d8980000, 0x0000000100000000)
  eden space 33280K, 0% used [0x00000000d5f00000,0x00000000d5f00000,0x00000000d7f80000)
  from space 5120K, 99% used [0x00000000d7f80000,0x00000000d847dde0,0x00000000d8480000)
  to   space 5120K, 0% used [0x00000000d8480000,0x00000000d8480000,0x00000000d8980000)
 ParOldGen       total 87552K, used 5318K [0x0000000081c00000, 0x0000000087180000, 0x00000000d5f00000)
  object space 87552K, 6% used [0x0000000081c00000,0x00000000821318f8,0x0000000087180000)
 Metaspace       used 8996K, capacity 9194K, committed 9472K, reserved 1056768K
  class space    used 1108K, capacity 1187K, committed 1280K, reserved 1048576K
}
Event: 11.474 GC heap before
{Heap before GC invocations=2 (full 0):
 PSYoungGen      total 38400K, used 38391K [0x00000000d5f00000, 0x00000000d8980000, 0x0000000100000000)
  eden space 33280K, 100% used [0x00000000d5f00000,0x00000000d7f80000,0x00000000d7f80000)
  from space 5120K, 99% used [0x00000000d7f80000,0x00000000d847dde0,0x00000000d8480000)
  to   space 5120K, 0% used [0x00000000d8480000,0x00000000d8480000,0x00000000d8980000)
 ParOldGen       total 87552K, used 5318K [0x0000000081c00000, 0x0000000087180000, 0x00000000d5f00000)
  object space 87552K, 6% used [0x0000000081c00000,0x00000000821318f8,0x0000000087180000)
 Metaspace       used 16793K, capacity 17118K, committed 17280K, reserved 1064960K
  class space    used 2299K, capacity 2376K, committed 2432K, reserved 1048576K
Event: 11.485 GC heap after
Heap after GC invocations=2 (full 0):
 PSYoungGen      total 38400K, used 5112K [0x00000000d5f00000, 0x00000000d8980000, 0x0000000100000000)
  eden space 33280K, 0% used [0x00000000d5f00000,0x00000000d5f00000,0x00000000d7f80000)
  from space 5120K, 99% used [0x00000000d8480000,0x00000000d897e0c0,0x00000000d8980000)
  to   space 5120K, 0% used [0x00000000d7f80000,0x00000000d7f80000,0x00000000d8480000)
 ParOldGen       total 87552K, used 31319K [0x0000000081c00000, 0x0000000087180000, 0x00000000d5f00000)
  object space 87552K, 35% used [0x0000000081c00000,0x0000000083a95e58,0x0000000087180000)
 Metaspace       used 16793K, capacity 17118K, committed 17280K, reserved 1064960K
  class space    used 2299K, capacity 2376K, committed 2432K, reserved 1048576K
}
Event: 47.713 GC heap before
{Heap before GC invocations=3 (full 0):
 PSYoungGen      total 38400K, used 38392K [0x00000000d5f00000, 0x00000000d8980000, 0x0000000100000000)
  eden space 33280K, 100% used [0x00000000d5f00000,0x00000000d7f80000,0x00000000d7f80000)
  from space 5120K, 99% used [0x00000000d8480000,0x00000000d897e0c0,0x00000000d8980000)
  to   space 5120K, 0% used [0x00000000d7f80000,0x00000000d7f80000,0x00000000d8480000)
 ParOldGen       total 87552K, used 31319K [0x0000000081c00000, 0x0000000087180000, 0x00000000d5f00000)
  object space 87552K, 35% used [0x0000000081c00000,0x0000000083a95e58,0x0000000087180000)
 Metaspace       used 18736K, capacity 19104K, committed 19328K, reserved 1067008K
  class space    used 2557K, capacity 2669K, committed 2688K, reserved 1048576K
Event: 47.717 GC heap after
Heap after GC invocations=3 (full 0):
 PSYoungGen      total 38400K, used 5119K [0x00000000d5f00000, 0x00000000d8980000, 0x0000000100000000)
  eden space 33280K, 0% used [0x00000000d5f00000,0x00000000d5f00000,0x00000000d7f80000)
  from space 5120K, 99% used [0x00000000d7f80000,0x00000000d847fc20,0x00000000d8480000)
  to   space 5120K, 0% used [0x00000000d8480000,0x00000000d8480000,0x00000000d8980000)
 ParOldGen       total 87552K, used 40453K [0x0000000081c00000, 0x0000000087180000, 0x00000000d5f00000)
  object space 87552K, 46% used [0x0000000081c00000,0x0000000084381408,0x0000000087180000)
 Metaspace       used 18736K, capacity 19104K, committed 19328K, reserved 1067008K
  class space    used 2557K, capacity 2669K, committed 2688K, reserved 1048576K
}
Event: 51.474 GC heap before
{Heap before GC invocations=4 (full 0):
 PSYoungGen      total 38400K, used 38399K [0x00000000d5f00000, 0x00000000d8980000, 0x0000000100000000)
  eden space 33280K, 100% used [0x00000000d5f00000,0x00000000d7f80000,0x00000000d7f80000)
  from space 5120K, 99% used [0x00000000d7f80000,0x00000000d847fc20,0x00000000d8480000)
  to   space 5120K, 0% used [0x00000000d8480000,0x00000000d8480000,0x00000000d8980000)
 ParOldGen       total 87552K, used 40453K [0x0000000081c00000, 0x0000000087180000, 0x00000000d5f00000)
  object space 87552K, 46% used [0x0000000081c00000,0x0000000084381408,0x0000000087180000)
 Metaspace       used 18987K, capacity 19344K, committed 19584K, reserved 1067008K
  class space    used 2564K, capacity 2679K, committed 2688K, reserved 1048576K
Event: 51.480 GC heap after
Heap after GC invocations=4 (full 0):
 PSYoungGen      total 38400K, used 3186K [0x00000000d5f00000, 0x00000000d8980000, 0x0000000100000000)
  eden space 33280K, 0% used [0x00000000d5f00000,0x00000000d5f00000,0x00000000d7f80000)
  from space 5120K, 62% used [0x00000000d8480000,0x00000000d879ca60,0x00000000d8980000)
  to   space 5120K, 0% used [0x00000000d7f80000,0x00000000d7f80000,0x00000000d8480000)
 ParOldGen       total 87552K, used 48553K [0x0000000081c00000, 0x0000000087180000, 0x00000000d5f00000)
  object space 87552K, 55% used [0x0000000081c00000,0x0000000084b6a438,0x0000000087180000)
 Metaspace       used 18987K, capacity 19344K, committed 19584K, reserved 1067008K
  class space    used 2564K, capacity 2679K, committed 2688K, reserved 1048576K
}
Event: 8260.808 GC heap before
{Heap before GC invocations=5 (full 0):
 PSYoungGen      total 38400K, used 36466K [0x00000000d5f00000, 0x00000000d8980000, 0x0000000100000000)
  eden space 33280K, 100% used [0x00000000d5f00000,0x00000000d7f80000,0x00000000d7f80000)
  from space 5120K, 62% used [0x00000000d8480000,0x00000000d879ca60,0x00000000d8980000)
  to   space 5120K, 0% used [0x00000000d7f80000,0x00000000d7f80000,0x00000000d8480000)
 ParOldGen       total 87552K, used 48553K [0x0000000081c00000, 0x0000000087180000, 0x00000000d5f00000)
  object space 87552K, 55% used [0x0000000081c00000,0x0000000084b6a438,0x0000000087180000)
 Metaspace       used 19777K, capacity 20134K, committed 20352K, reserved 1067008K
  class space    used 2580K, capacity 2682K, committed 2688K, reserved 1048576K
Event: 8260.839 GC heap after
Heap after GC invocations=5 (full 0):
 PSYoungGen      total 37888K, used 3834K [0x00000000d5f00000, 0x00000000dc100000, 0x0000000100000000)
  eden space 32768K, 0% used [0x00000000d5f00000,0x00000000d5f00000,0x00000000d7f00000)
  from space 5120K, 74% used [0x00000000d7f80000,0x00000000d833ea80,0x00000000d8480000)
  to   space 33792K, 0% used [0x00000000da000000,0x00000000da000000,0x00000000dc100000)
 ParOldGen       total 87552K, used 52311K [0x0000000081c00000, 0x0000000087180000, 0x00000000d5f00000)
  object space 87552K, 59% used [0x0000000081c00000,0x0000000084f15c58,0x0000000087180000)
 Metaspace       used 19777K, capacity 20134K, committed 20352K, reserved 1067008K
  class space    used 2580K, capacity 2682K, committed 2688K, reserved 1048576K
}

Deoptimization events (10 events):
Event: 8362.976 Thread 0x000000001d8ec000 Uncommon trap: reason=unstable_if action=reinterpret pc=0x0000000005c26000 method=java.awt.geom.AffineTransform.equals(Ljava/lang/Object;)Z @ 23
Event: 8362.994 Thread 0x000000001d8ec000 Uncommon trap: reason=bimorphic action=maybe_recompile pc=0x0000000005bb4da0 method=java.awt.Component.getBackground()Ljava/awt/Color; @ 21
Event: 8362.994 Thread 0x000000001d8ec000 Uncommon trap: reason=bimorphic action=maybe_recompile pc=0x0000000005bb4da0 method=java.awt.Component.getBackground()Ljava/awt/Color; @ 21
Event: 8362.997 Thread 0x000000001d8ec000 Uncommon trap: reason=unstable_if action=reinterpret pc=0x0000000005c50f80 method=sun.java2d.loops.RenderCache.get(Lsun/java2d/loops/SurfaceType;Lsun/java2d/loops/CompositeType;Lsun/java2d/loops/SurfaceType;)Ljava/lang/Object; @ 52
Event: 8363.000 Thread 0x000000001d8ec000 Uncommon trap: reason=bimorphic action=maybe_recompile pc=0x000000000597fcec method=java.awt.Component.getGraphics()Ljava/awt/Graphics; @ 114
Event: 8375.466 Thread 0x000000001d8ec000 Uncommon trap: reason=speculate_class_check action=maybe_recompile pc=0x0000000005b34018 method=java.awt.Component.reshape(IIII)V @ 222
Event: 8375.468 Thread 0x000000001d8ec000 Uncommon trap: reason=speculate_class_check action=maybe_recompile pc=0x0000000005b34018 method=java.awt.Component.reshape(IIII)V @ 222
Event: 8375.473 Thread 0x000000001d8ec000 Uncommon trap: reason=bimorphic action=maybe_recompile pc=0x000000000597fcec method=java.awt.Component.getGraphics()Ljava/awt/Graphics; @ 114
Event: 8375.476 Thread 0x000000001d8ec000 Uncommon trap: reason=class_check action=maybe_recompile pc=0x000000000558de78 method=java.awt.Font.equals(Ljava/lang/Object;)Z @ 12
Event: 8375.478 Thread 0x000000001d8ec000 Uncommon trap: reason=class_check action=maybe_recompile pc=0x000000000558de78 method=java.awt.Font.equals(Ljava/lang/Object;)Z @ 12

Internal exceptions (10 events):
Event: 8.949 Thread 0x0000000005202800 Exception <a 'java/io/FileNotFoundException'> (0x00000000d6464d50) thrown at [C:\re\workspace\8-2-build-windows-amd64-cygwin\jdk8u144\9417\hotspot\src\share\vm\prims\jni.cpp, line 709]
Event: 64.616 Thread 0x000000001d8ec000 Exception <a 'java/lang/NullPointerException'> (0x00000000d62de530) thrown at [C:\re\workspace\8-2-build-windows-amd64-cygwin\jdk8u144\9417\hotspot\src\share\vm\prims\jvm.cpp, line 1394]
Event: 64.616 Thread 0x000000001d8ec000 Exception <a 'java/lang/NullPointerException'> (0x00000000d62de530) thrown at [C:\re\workspace\8-2-build-windows-amd64-cygwin\jdk8u144\9417\hotspot\src\share\vm\prims\jvm.cpp, line 1394]
Event: 69.686 Thread 0x000000001d8ec000 Exception <a 'java/lang/NullPointerException'> (0x00000000d64d1aa8) thrown at [C:\re\workspace\8-2-build-windows-amd64-cygwin\jdk8u144\9417\hotspot\src\share\vm\prims\jvm.cpp, line 1394]
Event: 69.686 Thread 0x000000001d8ec000 Exception <a 'java/lang/NullPointerException'> (0x00000000d64d1aa8) thrown at [C:\re\workspace\8-2-build-windows-amd64-cygwin\jdk8u144\9417\hotspot\src\share\vm\prims\jvm.cpp, line 1394]
Event: 73.422 Thread 0x000000001d8ec000 Exception <a 'java/lang/NullPointerException'> (0x00000000d6659088) thrown at [C:\re\workspace\8-2-build-windows-amd64-cygwin\jdk8u144\9417\hotspot\src\share\vm\prims\jvm.cpp, line 1394]
Event: 73.422 Thread 0x000000001d8ec000 Exception <a 'java/lang/NullPointerException'> (0x00000000d6659088) thrown at [C:\re\workspace\8-2-build-windows-amd64-cygwin\jdk8u144\9417\hotspot\src\share\vm\prims\jvm.cpp, line 1394]
Event: 8131.898 Thread 0x000000001d8ec000 Exception <a 'java/lang/ArrayIndexOutOfBoundsException': -1> (0x00000000d7e643d8) thrown at [C:\re\workspace\8-2-build-windows-amd64-cygwin\jdk8u144\9417\hotspot\src\share\vm\interpreter\interpreterRuntime.cpp, line 366]
Event: 8356.898 Thread 0x000000001d8ec000 Exception <a 'java/lang/ArrayIndexOutOfBoundsException': -1> (0x00000000d6f400a0) thrown at [C:\re\workspace\8-2-build-windows-amd64-cygwin\jdk8u144\9417\hotspot\src\share\vm\interpreter\interpreterRuntime.cpp, line 366]
Event: 8362.186 Thread 0x000000001d8ec000 Implicit null exception at 0x0000000005ac5cb6 to 0x0000000005ac6275

Events (10 events):
Event: 8375.476 Thread 0x000000001d8ec000 DEOPT UNPACKING pc=0x000000000534582a sp=0x0000000025e9af30 mode 2
Event: 8375.478 Thread 0x000000001d8ec000 Uncommon trap: trap_request=0xffffffde fr.pc=0x000000000558de78
Event: 8375.478 Thread 0x000000001d8ec000 DEOPT PACKING pc=0x000000000558de78 sp=0x0000000025e9c190
Event: 8375.478 Thread 0x000000001d8ec000 DEOPT UNPACKING pc=0x000000000534582a sp=0x0000000025e9c130 mode 2
Event: 8376.252 Thread 0x000000001d8ec000 DEOPT PACKING pc=0x0000000005a4b834 sp=0x0000000025e9c700
Event: 8376.252 Thread 0x000000001d8ec000 DEOPT UNPACKING pc=0x000000000534787f sp=0x0000000025e9c3d0 mode 0
Event: 8376.436 Thread 0x000000001d8ec000 DEOPT PACKING pc=0x0000000005a4b834 sp=0x0000000025e9c700
Event: 8376.436 Thread 0x000000001d8ec000 DEOPT UNPACKING pc=0x000000000534787f sp=0x0000000025e9c3d0 mode 0
Event: 8376.444 Thread 0x000000001d8ec000 DEOPT PACKING pc=0x0000000005a4b834 sp=0x0000000025e9c700
Event: 8376.444 Thread 0x000000001d8ec000 DEOPT UNPACKING pc=0x000000000534787f sp=0x0000000025e9c3d0 mode 0


Dynamic libraries:
0x00007ff66f780000 - 0x00007ff66f7b7000 	C:\Program Files\Java\jdk1.8.0_144\bin\java.exe
0x00007ffbbb640000 - 0x00007ffbbb820000 	C:\WINDOWS\SYSTEM32\ntdll.dll
0x00007ffbb8b10000 - 0x00007ffbb8bbe000 	C:\WINDOWS\System32\KERNEL32.DLL
0x00007ffbb7cf0000 - 0x00007ffbb7f56000 	C:\WINDOWS\System32\KERNELBASE.dll
0x00007ffbb9360000 - 0x00007ffbb9401000 	C:\WINDOWS\System32\ADVAPI32.dll
0x00007ffbb9970000 - 0x00007ffbb9a0d000 	C:\WINDOWS\System32\msvcrt.dll
0x00007ffbb92a0000 - 0x00007ffbb92fb000 	C:\WINDOWS\System32\sechost.dll
0x00007ffbb9850000 - 0x00007ffbb996f000 	C:\WINDOWS\System32\RPCRT4.dll
0x00007ffbb9110000 - 0x00007ffbb929f000 	C:\WINDOWS\System32\USER32.dll
0x00007ffbb8010000 - 0x00007ffbb8030000 	C:\WINDOWS\System32\win32u.dll
0x00007ffbbb480000 - 0x00007ffbbb4a8000 	C:\WINDOWS\System32\GDI32.dll
0x00007ffbb8920000 - 0x00007ffbb8ab3000 	C:\WINDOWS\System32\gdi32full.dll
0x00007ffbb8030000 - 0x00007ffbb80cb000 	C:\WINDOWS\System32\msvcp_win.dll
0x00007ffbb8820000 - 0x00007ffbb8916000 	C:\WINDOWS\System32\ucrtbase.dll
0x00007ffbae300000 - 0x00007ffbae569000 	C:\WINDOWS\WinSxS\amd64_microsoft.windows.org.ql.audioeditor.org.ql.audioeditor.common-controls_6595b64144ccf1df_6.0.16299.125_none_15cbcf8893620c09\COMCTL32.dll
0x00007ffbb9a70000 - 0x00007ffbb9d78000 	C:\WINDOWS\System32\combase.dll
0x00007ffbb7a40000 - 0x00007ffbb7ab2000 	C:\WINDOWS\System32\bcryptPrimitives.dll
0x00007ffbb9330000 - 0x00007ffbb935d000 	C:\WINDOWS\System32\IMM32.DLL
0x00007ffbb74e0000 - 0x00007ffbb7511000 	C:\Windows\system32\nvinitx.dll
0x00007ffbb74d0000 - 0x00007ffbb74da000 	C:\WINDOWS\SYSTEM32\VERSION.dll
0x00000000717a0000 - 0x00000000717a6000 	C:\Program Files\NVIDIA Corporation\CoProcManager\_etoured.dll
0x00007ffbb3440000 - 0x00007ffbb3473000 	C:\Program Files\NVIDIA Corporation\CoProcManager\nvd3d9wrapx.dll
0x00007ffbb8c20000 - 0x00007ffbb906e000 	C:\WINDOWS\System32\SETUPAPI.dll
0x00007ffbb8ac0000 - 0x00007ffbb8b0a000 	C:\WINDOWS\System32\cfgmgr32.dll
0x00007ffbb3410000 - 0x00007ffbb3432000 	C:\Program Files\NVIDIA Corporation\CoProcManager\nvdxgiwrapx.dll
0x0000000068d60000 - 0x0000000068e32000 	C:\Program Files\Java\jdk1.8.0_144\jre\bin\msvcr100.dll
0x00000000684c0000 - 0x0000000068d5d000 	C:\Program Files\Java\jdk1.8.0_144\jre\bin\server\jvm.dll
0x00007ffbb9300000 - 0x00007ffbb9308000 	C:\WINDOWS\System32\PSAPI.DLL
0x00007ffbb5af0000 - 0x00007ffbb5b13000 	C:\WINDOWS\SYSTEM32\WINMM.dll
0x00007ffbb44a0000 - 0x00007ffbb44a9000 	C:\WINDOWS\SYSTEM32\WSOCK32.dll
0x00007ffbb9650000 - 0x00007ffbb96bc000 	C:\WINDOWS\System32\WS2_32.dll
0x00007ffbb5a90000 - 0x00007ffbb5aba000 	C:\WINDOWS\SYSTEM32\WINMMBASE.dll
0x000000006fd40000 - 0x000000006fd4f000 	C:\Program Files\Java\jdk1.8.0_144\jre\bin\verify.dll
0x000000006fd10000 - 0x000000006fd39000 	C:\Program Files\Java\jdk1.8.0_144\jre\bin\java.dll
0x000000006fce0000 - 0x000000006fd03000 	C:\Program Files\Java\jdk1.8.0_144\jre\bin\instrument.dll
0x000000006fcc0000 - 0x000000006fcd6000 	C:\Program Files\Java\jdk1.8.0_144\jre\bin\zip.dll
0x00007ffbb9ea0000 - 0x00007ffbbb2d6000 	C:\WINDOWS\System32\SHELL32.dll
0x00007ffbb97a0000 - 0x00007ffbb9846000 	C:\WINDOWS\System32\shcore.dll
0x00007ffbb80d0000 - 0x00007ffbb8817000 	C:\WINDOWS\System32\windows.storage.dll
0x00007ffbb9a10000 - 0x00007ffbb9a61000 	C:\WINDOWS\System32\shlwapi.dll
0x00007ffbb7a00000 - 0x00007ffbb7a11000 	C:\WINDOWS\System32\kernel.appcore.dll
0x00007ffbb79b0000 - 0x00007ffbb79fc000 	C:\WINDOWS\System32\powrprof.dll
0x00007ffbb7a20000 - 0x00007ffbb7a3b000 	C:\WINDOWS\System32\profapi.dll
0x00007ffbb11d0000 - 0x00007ffbb11ea000 	C:\Program Files\JetBrains\IntelliJ IDEA 2017.2.3\bin\breakgen64.dll
0x000000006fca0000 - 0x000000006fcba000 	C:\Program Files\Java\jdk1.8.0_144\jre\bin\net.dll
0x00007ffbb71d0000 - 0x00007ffbb7236000 	C:\WINDOWS\system32\mswsock.dll
0x00007ffbb73a0000 - 0x00007ffbb73b7000 	C:\WINDOWS\SYSTEM32\CRYPTSP.dll
0x00007ffbb6bc0000 - 0x00007ffbb6bf3000 	C:\WINDOWS\system32\rsaenh.dll
0x00007ffbb74a0000 - 0x00007ffbb74c5000 	C:\WINDOWS\SYSTEM32\bcrypt.dll
0x00007ffbb78c0000 - 0x00007ffbb78e9000 	C:\WINDOWS\SYSTEM32\USERENV.dll
0x00007ffbb7390000 - 0x00007ffbb739b000 	C:\WINDOWS\SYSTEM32\CRYPTBASE.dll
0x00007ffbb6f60000 - 0x00007ffbb6f99000 	C:\WINDOWS\SYSTEM32\IPHLPAPI.DLL
0x00007ffbbb4b0000 - 0x00007ffbbb4b8000 	C:\WINDOWS\System32\NSI.dll
0x00007ffbb28e0000 - 0x00007ffbb28f6000 	C:\WINDOWS\SYSTEM32\dhcpcsvc6.DLL
0x00007ffbb2e70000 - 0x00007ffbb2e8a000 	C:\WINDOWS\SYSTEM32\dhcpcsvc.DLL
0x00000000684a0000 - 0x00000000684b1000 	C:\Program Files\Java\jdk1.8.0_144\jre\bin\nio.dll
0x000000006cd80000 - 0x000000006ce70000 	C:\Users\livix\AppData\Local\Temp\sqlite-3.16.1-2f40321f-b0c6-491e-b1c3-f6a2841441c6-sqlitejdbc.dll
0x000000001dda0000 - 0x000000001de8d000 	C:\Program Files\MATLAB\R2017a\bin\win64\nativemvm.dll
0x0000000180000000 - 0x0000000180428000 	C:\Program Files\MATLAB\R2017a\bin\win64\libmwservices.dll
0x00007ffbb9d80000 - 0x00007ffbb9e8a000 	C:\WINDOWS\System32\COMDLG32.dll
0x00007ffbbb4c0000 - 0x00007ffbbb609000 	C:\WINDOWS\System32\ole32.dll
0x00007ffbb9410000 - 0x00007ffbb94d5000 	C:\WINDOWS\System32\OLEAUT32.dll
0x00007ffbb1c80000 - 0x00007ffbb1c91000 	C:\Program Files\MATLAB\R2017a\bin\win64\boost_date_time-vc120-mt-1_56.dll
0x00007ffb9a380000 - 0x00007ffb9a415000 	C:\Program Files\MATLAB\R2017a\bin\win64\boost_log-vc120-mt-1_56.dll
0x00007ffbb1bb0000 - 0x00007ffbb1bce000 	C:\Program Files\MATLAB\R2017a\bin\win64\boost_thread-vc120-mt-1_56.dll
0x00007ffbb2940000 - 0x00007ffbb294a000 	C:\Program Files\MATLAB\R2017a\bin\win64\boost_system-vc120-mt-1_56.dll
0x00007ffba5560000 - 0x00007ffba559f000 	C:\Program Files\MATLAB\R2017a\bin\win64\tbb.dll
0x00007ffba7640000 - 0x00007ffba76e6000 	C:\Program Files\MATLAB\R2017a\bin\win64\MSVCP120.dll
0x00007ffba7360000 - 0x00007ffba744f000 	C:\Program Files\MATLAB\R2017a\bin\win64\MSVCR120.dll
0x00007ffbb44b0000 - 0x00007ffbb44bb000 	C:\Program Files\MATLAB\R2017a\bin\win64\boost_chrono-vc120-mt-1_56.dll
0x00007ffbb2ef0000 - 0x00007ffbb2f07000 	C:\Program Files\MATLAB\R2017a\bin\win64\boost_iostreams-vc120-mt-1_56.dll
0x00007ffbb0eb0000 - 0x00007ffbb0ef3000 	C:\Program Files\MATLAB\R2017a\bin\win64\boost_serialization-vc120-mt-1_56.dll
0x00007ffbb07a0000 - 0x00007ffbb07b7000 	C:\WINDOWS\SYSTEM32\NETAPI32.dll
0x000000006fb40000 - 0x000000006fc9c000 	C:\Program Files\MATLAB\R2017a\bin\win64\icuuc56.dll
0x00007ffbb1590000 - 0x00007ffbb15b2000 	C:\Program Files\MATLAB\R2017a\bin\win64\boost_filesystem-vc120-mt-1_56.dll
0x000000006f900000 - 0x000000006f917000 	C:\Program Files\MATLAB\R2017a\bin\win64\zlib1.dll
0x000000001def0000 - 0x000000001dfda000 	C:\Program Files\MATLAB\R2017a\bin\win64\libut.dll
0x000000001dfe0000 - 0x000000001e422000 	C:\Program Files\MATLAB\R2017a\bin\win64\libmwms.dll
0x000000001e430000 - 0x000000001e642000 	C:\Program Files\MATLAB\R2017a\bin\win64\libmwfl.dll
0x000000001e650000 - 0x000000001ebdc000 	C:\Program Files\MATLAB\R2017a\bin\win64\mlutil.dll
0x000000001ebe0000 - 0x000000001ef05000 	C:\Program Files\MATLAB\R2017a\bin\win64\mvm.dll
0x000000001ef10000 - 0x000000001f062000 	C:\Program Files\MATLAB\R2017a\bin\win64\libmx.dll
0x000000001f070000 - 0x000000001f1cb000 	C:\Program Files\MATLAB\R2017a\bin\win64\iqm.dll
0x000000001f1d0000 - 0x000000001f34e000 	C:\Program Files\MATLAB\R2017a\bin\win64\libmwi18n.dll
0x000000001f350000 - 0x000000001f537000 	C:\Program Files\MATLAB\R2017a\bin\win64\jmi.dll
0x000000001f540000 - 0x000000001f585000 	C:\Program Files\MATLAB\R2017a\bin\win64\libmwlivecode.dll
0x000000001f590000 - 0x000000001faea000 	C:\Program Files\MATLAB\R2017a\bin\win64\mpath.dll
0x000000001faf0000 - 0x000000001fb25000 	C:\Program Files\MATLAB\R2017a\bin\win64\libmwcppmicroservices.dll
0x000000001fb30000 - 0x000000001fb7f000 	C:\Program Files\MATLAB\R2017a\bin\win64\libmwregexp.dll
0x000000001fb80000 - 0x000000001fecb000 	C:\Program Files\MATLAB\R2017a\bin\win64\settingscore.dll
0x000000001fed0000 - 0x000000001feff000 	C:\Program Files\MATLAB\R2017a\bin\win64\libmwfoundation_usm.dll
0x000000001ff00000 - 0x000000002000b000 	C:\Program Files\MATLAB\R2017a\bin\win64\CppMicroServices.dll
0x0000000020010000 - 0x00000000217f6000 	C:\Program Files\MATLAB\R2017a\bin\win64\icudt56.dll
0x00007ffbb07f0000 - 0x00007ffbb09b8000 	C:\WINDOWS\SYSTEM32\dbghelp.dll
0x000000006fb20000 - 0x000000006fb31000 	C:\Program Files\MATLAB\R2017a\bin\win64\icuio56.dll
0x00007ffb98900000 - 0x00007ffb98a04000 	C:\Program Files\MATLAB\R2017a\bin\win64\boost_regex-vc120-mt-1_56.dll
0x00007ffbb1410000 - 0x00007ffbb1423000 	C:\Program Files\MATLAB\R2017a\bin\win64\boost_signals-vc120-mt-1_56.dll
0x00007ffb9de40000 - 0x00007ffb9de80000 	C:\Program Files\MATLAB\R2017a\bin\win64\tbbmalloc.dll
0x00007ffba9150000 - 0x00007ffba9176000 	C:\Program Files\MATLAB\R2017a\bin\win64\LIBEXPAT.dll
0x000000006f920000 - 0x000000006fb1e000 	C:\Program Files\MATLAB\R2017a\bin\win64\icuin56.dll
0x0000000021860000 - 0x0000000021869000 	C:\Program Files\MATLAB\R2017a\bin\win64\libmwresource_core.dll
0x0000000021870000 - 0x000000002187a000 	C:\Program Files\MATLAB\R2017a\bin\win64\language_execution_interfaces.dll
0x0000000021880000 - 0x0000000021923000 	C:\Program Files\MATLAB\R2017a\bin\win64\errorrecovery.dll
0x0000000021930000 - 0x0000000021af5000 	C:\Program Files\MATLAB\R2017a\bin\win64\m_dispatcher.dll
0x0000000021b00000 - 0x0000000021d93000 	C:\Program Files\MATLAB\R2017a\bin\win64\m_interpreter.dll
0x0000000021da0000 - 0x000000002253c000 	C:\Program Files\MATLAB\R2017a\bin\win64\m_parser.dll
0x0000000022540000 - 0x000000002255d000 	C:\Program Files\MATLAB\R2017a\bin\win64\libmwfoundation_extdata_matrix.dll
0x0000000022560000 - 0x00000000225bc000 	C:\Program Files\MATLAB\R2017a\bin\win64\opccore.dll
0x00000000225c0000 - 0x000000002273a000 	C:\Program Files\MATLAB\R2017a\bin\win64\opcmodel.dll
0x0000000022740000 - 0x0000000022768000 	C:\Program Files\MATLAB\R2017a\bin\win64\opczippackage.dll
0x0000000022770000 - 0x00000000229d0000 	C:\Program Files\MATLAB\R2017a\bin\win64\xerces-c_3_1.dll
0x00000000229d0000 - 0x00000000229df000 	C:\Program Files\MATLAB\R2017a\bin\win64\nativejava_services.dll
0x00000000229e0000 - 0x0000000022a46000 	C:\Program Files\MATLAB\R2017a\bin\win64\opcmwservices.dll
0x0000000022a50000 - 0x0000000022ab0000 	C:\Program Files\MATLAB\R2017a\bin\win64\mcos.dll
0x0000000022ac0000 - 0x0000000022adc000 	C:\Program Files\MATLAB\R2017a\bin\win64\string_matrix.dll
0x0000000022ae0000 - 0x0000000022fe0000 	C:\Program Files\MATLAB\R2017a\bin\win64\libmwflstoragevfs.dll
0x0000000022fe0000 - 0x0000000023058000 	C:\Program Files\MATLAB\R2017a\bin\win64\xmlcore.dll
0x0000000023060000 - 0x00000000230cd000 	C:\Program Files\MATLAB\R2017a\bin\win64\libmwstorageshlibstoragesys.dll
0x000000006f8f0000 - 0x000000006f900000 	C:\Program Files\MATLAB\R2017a\bin\win64\libminizip.dll
0x00000000230d0000 - 0x000000002311c000 	C:\Program Files\MATLAB\R2017a\bin\win64\contextdata.dll
0x0000000023120000 - 0x000000002317c000 	C:\Program Files\MATLAB\R2017a\bin\win64\namesuggestion.dll
0x0000000023180000 - 0x0000000023375000 	C:\Program Files\MATLAB\R2017a\bin\win64\libmwsearch_path_impl.dll
0x0000000023380000 - 0x00000000233ab000 	C:\Program Files\MATLAB\R2017a\bin\win64\ddux.dll
0x00000000233b0000 - 0x0000000023410000 	C:\Program Files\MATLAB\R2017a\bin\win64\libmwfoundation_extdata_array.dll
0x0000000023410000 - 0x0000000023443000 	C:\Program Files\MATLAB\R2017a\bin\win64\libmwflcrypto.dll
0x0000000023450000 - 0x0000000023664000 	C:\Program Files\MATLAB\R2017a\bin\win64\libmwflnetwork.dll
0x0000000023670000 - 0x0000000023685000 	C:\Program Files\MATLAB\R2017a\bin\win64\libmwflcryptoutils.dll
0x0000000023690000 - 0x0000000023845000 	C:\Program Files\MATLAB\R2017a\bin\win64\libmwflcryptocryptopp.dll

VM Arguments:
jvm_args: -javaagent:C:\Program Files\JetBrains\IntelliJ IDEA 2017.2.3\lib\idea_rt.jar=58373:C:\Program Files\JetBrains\IntelliJ IDEA 2017.2.3\bin -Dfile.encoding=UTF-8 
java_command: org.ql.audioeditor.AudioEditor
java_class_path (initial): C:\Program Files\Java\jdk1.8.0_144\jre\lib\charsets.jar;C:\Program Files\Java\jdk1.8.0_144\jre\lib\deploy.jar;C:\Program Files\Java\jdk1.8.0_144\jre\lib\ext\access-bridge-64.jar;C:\Program Files\Java\jdk1.8.0_144\jre\lib\ext\cldrdata.jar;C:\Program Files\Java\jdk1.8.0_144\jre\lib\ext\dnsns.jar;C:\Program Files\Java\jdk1.8.0_144\jre\lib\ext\jaccess.jar;C:\Program Files\Java\jdk1.8.0_144\jre\lib\ext\jfxrt.jar;C:\Program Files\Java\jdk1.8.0_144\jre\lib\ext\localedata.jar;C:\Program Files\Java\jdk1.8.0_144\jre\lib\ext\nashorn.jar;C:\Program Files\Java\jdk1.8.0_144\jre\lib\ext\sunec.jar;C:\Program Files\Java\jdk1.8.0_144\jre\lib\ext\sunjce_provider.jar;C:\Program Files\Java\jdk1.8.0_144\jre\lib\ext\sunmscapi.jar;C:\Program Files\Java\jdk1.8.0_144\jre\lib\ext\sunpkcs11.jar;C:\Program Files\Java\jdk1.8.0_144\jre\lib\ext\zipfs.jar;C:\Program Files\Java\jdk1.8.0_144\jre\lib\javaws.jar;C:\Program Files\Java\jdk1.8.0_144\jre\lib\jce.jar;C:\Program Files\Java\jdk1.8.0_144\jre\lib\jfr.jar;C:\Program Files\Java\jdk1.8.0_144\jre\lib\jfxswt.jar;C:\Program Files\Java\jdk1.8.0_144\jre\lib\jsse.jar;C:\Program Files\Java\jdk1.8.0_144\jre\lib\management-agent.jar;C:\Program Files\Java\jdk1.8.0_144\jre\lib\plugin.jar;C:\Program Files\Java\jdk1.8.0_144\jre\lib\resources.jar;C:\Program Files\Java\jdk1.8.0_144\jre\lib\rt.jar;C:\Users\livix\Desktop\audioeditor\out\production\audioeditor;C:\Users\livix\Desktop\szakdolgozat\matlabcontrol-4.1.0.jar;C:\Users\livix\Desktop\szakdolgozat\mysql-connector-java-3.1.6-bin.jar;C:\Program Files\MATLAB\R2017a\extern\engines\java\jar\engine.jar;C:\Users\livix\Desktop\audioeditor\lib\sqlite-jdbc-3.16.1.jar;C:\Users\livix\Desktop\audioeditor\lib\JTattoo-1.6.11.jar;C:\Users\livix\Desktop\audioeditor\lib\mp3agic-0.9.2-SNAPSHOT.jar;C:\Program Files\JetBrains\IntelliJ IDEA 2017.2.3\redist\annotations-java8.jar;C:\Program Files\JetBrains\IntelliJ IDEA 2017.2.3\lib\idea_rt.jar
Launcher Type: SUN_STANDARD

Environment Variables:
JAVA_HOME=C:\Program Files\Java\jdk1.8.0_144
PATH=C:\watcom-1.3\binnt;C:\watcom-1.3\binw;C:\ProgramData\Oracle\Java\javapath;C:\Windows\system32;C:\Windows;C:\Windows\System32\Wbem;C:\Windows\System32\WindowsPowerShell\v1.0\;C:\Program Files (x86)\NVIDIA Corporation\PhysX\Common;C:\Program Files\PuTTY\;C:\Program Files\MATLAB\R2017a\runtime\win64;C:\Program Files\MATLAB\R2017a\bin;C:\Program Files\MATLAB\R2017a\bin\win64;C:\Program Files\MiKTeX 2.9\miktex\bin\x64\;C:\Program Files (x86)\Java\jdk1.8.0_144\bin;C:\Program Files (x86)\Java\jre1.8.0_151\bin;C:\Program Files\Git\cmd;C:\Program Files\Git\bin;C:\WINDOWS\system32;C:\WINDOWS;C:\WINDOWS\System32\Wbem;C:\WINDOWS\System32\WindowsPowerShell\v1.0\;C:\Program Files\apache-maven-3.5.2\bin;C:\Program Files\MATLAB\R2017a\bin\win64;C:\Users\livix\AppData\Local\Microsoft\WindowsApps;C:\Program Files\apache-maven-3.5.2\bin;
USERNAME=livix
OS=Windows_NT
PROCESSOR_IDENTIFIER=Intel64 Family 6 Model 58 Stepping 9, GenuineIntel



---------------  S Y S T E M  ---------------

OS: Windows 10.0 , 64 bit Build 16299 (10.0.16299.15)

CPU:total 8 (initial active 8) (4 cores per cpu, 2 threads per core) family 6 model 58 stepping 9, cmov, cx8, fxsr, mmx, sse, sse2, sse3, ssse3, sse4.1, sse4.2, popcnt, avx, aes, clmul, erms, ht, tsc, tscinvbit, tscinv

Memory: 4k page, physical 8271348k(2772312k free), swap 14677928k(5721820k free)

vm_info: Java HotSpot(TM) 64-Bit Server VM (25.144-b01) for windows-amd64 JRE (1.8.0_144-b01), built on Jul 21 2017 21:57:33 by "java_re" with MS VC++ 10.0 (VS2010)

time: Sat Mar 31 22:03:09 2018
elapsed time: 8380 seconds (0d 2h 19m 40s)

